2022-04-07 09:46:14,119  INFO restartedMain c.t.ToDoListApplication:55 ||||Starting ToDoListApplication using Java 16.0.2 on KBHNB75 with PID 16044 (C:\Users\PriftiG\IdeaProjects\todo-List-Spring-Junit\target\classes started by PriftiG in C:\Users\PriftiG\IdeaProjects\todo-List-Spring-Junit)
2022-04-07 09:46:14,121 DEBUG restartedMain c.t.ToDoListApplication:56 ||||Running with Spring Boot v2.5.6, Spring v5.3.12
2022-04-07 09:46:14,121  INFO restartedMain c.t.ToDoListApplication:659 ||||No active profile set, falling back to default profiles: default
2022-04-07 09:46:14,227  INFO restartedMain sPropertyDefaultsPostProcessor:255 ||||Devtools property defaults active! Set 'spring.devtools.add-properties' to 'false' to disable
2022-04-07 09:46:14,228  INFO restartedMain sPropertyDefaultsPostProcessor:255 ||||For additional web related logging consider setting the 'logging.level.web' property to 'DEBUG'
2022-04-07 09:46:15,293  INFO restartedMain epositoryConfigurationDelegate:132 ||||Bootstrapping Spring Data JPA repositories in DEFAULT mode.
2022-04-07 09:46:15,366  INFO restartedMain epositoryConfigurationDelegate:201 ||||Finished Spring Data repository scanning in 64 ms. Found 1 JPA repository interfaces.
2022-04-07 09:46:16,079  INFO restartedMain o.s.b.w.e.t.TomcatWebServer:108 ||||Tomcat initialized with port(s): 9191 (http)
2022-04-07 09:46:16,271  INFO restartedMain letWebServerApplicationContext:290 ||||Root WebApplicationContext: initialization completed in 2041 ms
2022-04-07 09:46:16,452  INFO restartedMain a.h.H2ConsoleAutoConfiguration:68 ||||H2 console available at '/h2-console'. Database available at 'jdbc:h2:mem:testdb'
2022-04-07 09:46:17,815  INFO restartedMain tainerEntityManagerFactoryBean:437 ||||Initialized JPA EntityManagerFactory for persistence unit 'default'
2022-04-07 09:46:18,298  WARN restartedMain figuration$JpaWebConfiguration:219 ||||spring.jpa.open-in-view is enabled by default. Therefore, database queries may be performed during view rendering. Explicitly configure spring.jpa.open-in-view to disable this warning
2022-04-07 09:46:18,969  WARN restartedMain b.d.a.OptionalLiveReloadServer:61 ||||Unable to start LiveReload server
2022-04-07 09:46:19,045  INFO restartedMain o.s.b.w.e.t.TomcatWebServer:220 ||||Tomcat started on port(s): 9191 (http) with context path '/todo-app'
2022-04-07 09:46:19,056  INFO restartedMain c.t.ToDoListApplication:61 ||||Started ToDoListApplication in 5.738 seconds (JVM running for 7.352)
2022-04-07 09:47:41,363  INFO http-nio-9191-exec-1 o.s.w.s.DispatcherServlet:525 ||||Initializing Servlet 'dispatcherServlet'
2022-04-07 09:47:41,365  INFO http-nio-9191-exec-1 o.s.w.s.DispatcherServlet:547 ||||Completed initialization in 2 ms
2022-04-07 09:47:41,430  INFO http-nio-9191-exec-1 c.t.c.ToDoListController:33 ||||Start Service : /todo-app/show-item 
2022-04-07 09:47:41,468  INFO http-nio-9191-exec-1 c.t.c.ToDoListController:35 ||||Stop Service /todo-app/show-item: [ItemResponse[success=true, message=Success, fieldErrors=null, data=[]]]
2022-04-07 10:09:14,150  INFO http-nio-9191-exec-4 c.t.c.ToDoListController:47 ||||Start Service /todo-app/add-item id: null, tittle: test1, latitude: 25.56, longitude: 56.32, date: 2022-05-12, file: org.springframework.web.multipart.support.StandardMultipartHttpServletRequest$StandardMultipartFile@2aa6dba7
2022-04-07 10:09:14,230 ERROR http-nio-9191-exec-4 c.t.e.GlobalExceptionHandler:37 ||||Internal Server Errorexception : java.lang.reflect.UndeclaredThrowableException  url : /todo-app/add-item
2022-04-07 10:09:14,243  WARN http-nio-9191-exec-4 eptionHandlerExceptionResolver:208 ||||Resolved [java.lang.reflect.UndeclaredThrowableException]
2022-04-07 10:10:49,419  INFO restartedMain c.t.ToDoListApplication:55 ||||Starting ToDoListApplication using Java 16.0.2 on KBHNB75 with PID 23056 (C:\Users\PriftiG\IdeaProjects\todo-List-Spring-Junit\target\classes started by PriftiG in C:\Users\PriftiG\IdeaProjects\todo-List-Spring-Junit)
2022-04-07 10:10:49,422 DEBUG restartedMain c.t.ToDoListApplication:56 ||||Running with Spring Boot v2.5.6, Spring v5.3.12
2022-04-07 10:10:49,422  INFO restartedMain c.t.ToDoListApplication:659 ||||No active profile set, falling back to default profiles: default
2022-04-07 10:10:49,501  INFO restartedMain sPropertyDefaultsPostProcessor:255 ||||Devtools property defaults active! Set 'spring.devtools.add-properties' to 'false' to disable
2022-04-07 10:10:49,501  INFO restartedMain sPropertyDefaultsPostProcessor:255 ||||For additional web related logging consider setting the 'logging.level.web' property to 'DEBUG'
2022-04-07 10:10:51,187  INFO restartedMain epositoryConfigurationDelegate:132 ||||Bootstrapping Spring Data JPA repositories in DEFAULT mode.
2022-04-07 10:10:51,290  INFO restartedMain epositoryConfigurationDelegate:201 ||||Finished Spring Data repository scanning in 84 ms. Found 1 JPA repository interfaces.
2022-04-07 10:10:51,937  INFO restartedMain o.s.b.w.e.t.TomcatWebServer:108 ||||Tomcat initialized with port(s): 9191 (http)
2022-04-07 10:10:52,095  INFO restartedMain letWebServerApplicationContext:290 ||||Root WebApplicationContext: initialization completed in 2593 ms
2022-04-07 10:10:52,245  INFO restartedMain a.h.H2ConsoleAutoConfiguration:68 ||||H2 console available at '/h2-console'. Database available at 'jdbc:h2:mem:testdb'
2022-04-07 10:10:53,628  INFO restartedMain tainerEntityManagerFactoryBean:437 ||||Initialized JPA EntityManagerFactory for persistence unit 'default'
2022-04-07 10:10:54,498  WARN restartedMain figuration$JpaWebConfiguration:219 ||||spring.jpa.open-in-view is enabled by default. Therefore, database queries may be performed during view rendering. Explicitly configure spring.jpa.open-in-view to disable this warning
2022-04-07 10:10:54,842  WARN restartedMain b.d.a.OptionalLiveReloadServer:61 ||||Unable to start LiveReload server
2022-04-07 10:10:54,934  INFO restartedMain o.s.b.w.e.t.TomcatWebServer:220 ||||Tomcat started on port(s): 9191 (http) with context path '/todo-app'
2022-04-07 10:10:54,947  INFO restartedMain c.t.ToDoListApplication:61 ||||Started ToDoListApplication in 6.934 seconds (JVM running for 11.357)
2022-04-07 10:10:55,265  INFO http-nio-9191-exec-2 o.s.w.s.DispatcherServlet:525 ||||Initializing Servlet 'dispatcherServlet'
2022-04-07 10:10:55,266  INFO http-nio-9191-exec-2 o.s.w.s.DispatcherServlet:547 ||||Completed initialization in 0 ms
2022-04-07 10:10:55,446  INFO http-nio-9191-exec-2 c.t.c.ToDoListController:47 ||||Start Service /todo-app/add-item id: null, tittle: test1, latitude: 25.56, longitude: 56.32, date: 2022-05-12, file: org.springframework.web.multipart.support.StandardMultipartHttpServletRequest$StandardMultipartFile@3742e24f
2022-04-07 10:11:12,706 ERROR http-nio-9191-exec-2 c.t.e.GlobalExceptionHandler:37 ||||Internal Server Errorexception : java.lang.reflect.UndeclaredThrowableException  url : /todo-app/add-item
2022-04-07 10:11:15,106  WARN http-nio-9191-exec-2 eptionHandlerExceptionResolver:208 ||||Resolved [java.lang.reflect.UndeclaredThrowableException]
2022-04-07 10:11:22,952  INFO http-nio-9191-exec-4 c.t.c.ToDoListController:47 ||||Start Service /todo-app/add-item id: null, tittle: test1, latitude: 25.56, longitude: 56.32, date: 2022-05-12, file: org.springframework.web.multipart.support.StandardMultipartHttpServletRequest$StandardMultipartFile@26754efc
2022-04-07 10:12:14,988 ERROR http-nio-9191-exec-4 c.t.e.GlobalExceptionHandler:37 ||||Internal Server Errorexception : java.lang.reflect.UndeclaredThrowableException  url : /todo-app/add-item
2022-04-07 10:12:14,998  WARN http-nio-9191-exec-4 eptionHandlerExceptionResolver:208 ||||Resolved [java.lang.reflect.UndeclaredThrowableException]
2022-04-07 10:12:15,284  INFO SpringApplicationShutdownHook tainerEntityManagerFactoryBean:651 ||||Closing JPA EntityManagerFactory for persistence unit 'default'
2022-04-07 10:12:15,291  WARN SpringApplicationShutdownHook .s.b.f.s.DisposableBeanAdapter:221 ||||Invocation of destroy method failed on bean with name 'inMemoryDatabaseShutdownExecutor': org.h2.jdbc.JdbcSQLNonTransientConnectionException: Database is already closed (to disable automatic closing at VM shutdown, add ";DB_CLOSE_ON_EXIT=FALSE" to the db URL) [90121-200]
2022-04-07 10:31:52,876  INFO restartedMain c.t.ToDoListApplication:55 ||||Starting ToDoListApplication using Java 16.0.2 on KBHNB75 with PID 19652 (C:\Users\PriftiG\IdeaProjects\todo-List-Spring-Junit\target\classes started by PriftiG in C:\Users\PriftiG\IdeaProjects\todo-List-Spring-Junit)
2022-04-07 10:31:52,878 DEBUG restartedMain c.t.ToDoListApplication:56 ||||Running with Spring Boot v2.5.6, Spring v5.3.12
2022-04-07 10:31:52,879  INFO restartedMain c.t.ToDoListApplication:659 ||||No active profile set, falling back to default profiles: default
2022-04-07 10:31:52,970  INFO restartedMain sPropertyDefaultsPostProcessor:255 ||||Devtools property defaults active! Set 'spring.devtools.add-properties' to 'false' to disable
2022-04-07 10:31:52,970  INFO restartedMain sPropertyDefaultsPostProcessor:255 ||||For additional web related logging consider setting the 'logging.level.web' property to 'DEBUG'
2022-04-07 10:31:54,264  INFO restartedMain epositoryConfigurationDelegate:132 ||||Bootstrapping Spring Data JPA repositories in DEFAULT mode.
2022-04-07 10:31:54,329  INFO restartedMain epositoryConfigurationDelegate:201 ||||Finished Spring Data repository scanning in 55 ms. Found 1 JPA repository interfaces.
2022-04-07 10:31:54,834  INFO restartedMain o.s.b.w.e.t.TomcatWebServer:108 ||||Tomcat initialized with port(s): 9191 (http)
2022-04-07 10:31:55,012  INFO restartedMain letWebServerApplicationContext:290 ||||Root WebApplicationContext: initialization completed in 2041 ms
2022-04-07 10:31:55,151  INFO restartedMain a.h.H2ConsoleAutoConfiguration:68 ||||H2 console available at '/h2-console'. Database available at 'jdbc:h2:mem:testdb'
2022-04-07 10:31:56,309  INFO restartedMain tainerEntityManagerFactoryBean:437 ||||Initialized JPA EntityManagerFactory for persistence unit 'default'
2022-04-07 10:31:56,768  WARN restartedMain figuration$JpaWebConfiguration:219 ||||spring.jpa.open-in-view is enabled by default. Therefore, database queries may be performed during view rendering. Explicitly configure spring.jpa.open-in-view to disable this warning
2022-04-07 10:31:57,087  WARN restartedMain b.d.a.OptionalLiveReloadServer:61 ||||Unable to start LiveReload server
2022-04-07 10:31:57,151  INFO restartedMain o.s.b.w.e.t.TomcatWebServer:220 ||||Tomcat started on port(s): 9191 (http) with context path '/todo-app'
2022-04-07 10:31:57,162  INFO restartedMain c.t.ToDoListApplication:61 ||||Started ToDoListApplication in 4.946 seconds (JVM running for 9.841)
2022-04-07 10:32:23,366  INFO http-nio-9191-exec-1 o.s.w.s.DispatcherServlet:525 ||||Initializing Servlet 'dispatcherServlet'
2022-04-07 10:32:23,368  INFO http-nio-9191-exec-1 o.s.w.s.DispatcherServlet:547 ||||Completed initialization in 1 ms
2022-04-07 10:32:23,488  INFO http-nio-9191-exec-1 c.t.c.ToDoListController:47 ||||Start Service /todo-app/add-item id: null, tittle: test1, latitude: 25.56, longitude: 56.32, date: 2020-11-24, file: org.springframework.web.multipart.support.StandardMultipartHttpServletRequest$StandardMultipartFile@7f9ac0d
2022-04-07 10:32:23,508 ERROR http-nio-9191-exec-1 c.t.e.GlobalExceptionHandler:37 ||||Internal Server Errorexception : java.lang.reflect.UndeclaredThrowableException  url : /todo-app/add-item
2022-04-07 10:32:23,562  WARN http-nio-9191-exec-1 eptionHandlerExceptionResolver:208 ||||Resolved [java.lang.reflect.UndeclaredThrowableException]
2022-04-07 10:33:12,014  INFO http-nio-9191-exec-4 c.t.c.ToDoListController:47 ||||Start Service /todo-app/add-item id: null, tittle: test1, latitude: 25.56, longitude: 56.32, date: 2020-11-24 05:22:15, file: org.springframework.web.multipart.support.StandardMultipartHttpServletRequest$StandardMultipartFile@658eb796
2022-04-07 10:33:13,944  INFO http-nio-9191-exec-4 c.t.c.ToDoListController:50 ||||Stop Service /todo-app/add-item: [ItemResponse[success=true, message=Success, fieldErrors=null, data=[ItemEntity(id=1, Tittle=test1, Latitude=25.56, Longitude=56.32, UrlImage=http://res.cloudinary.com/dzwbkzzt1/image/upload/v1649320393/fqwwkqugvihpe9ofk0uv.png, date=Sun Oct 24 05:00:15 CEST 2021, Status=false)]]]
2022-04-07 10:35:06,953 ERROR http-nio-9191-exec-7 c.t.e.GlobalExceptionHandler:37 ||||Internal Server Errorexception : org.springframework.web.HttpRequestMethodNotSupportedException: Request method 'DELETE' not supported  url : /todo-app/add-item
2022-04-07 10:35:06,958  WARN http-nio-9191-exec-7 eptionHandlerExceptionResolver:208 ||||Resolved [org.springframework.web.HttpRequestMethodNotSupportedException: Request method 'DELETE' not supported]
2022-04-07 10:35:12,063 ERROR http-nio-9191-exec-9 c.t.e.GlobalExceptionHandler:37 ||||Internal Server Errorexception : org.springframework.web.HttpRequestMethodNotSupportedException: Request method 'DELETE' not supported  url : /todo-app/add-item
2022-04-07 10:35:12,065  WARN http-nio-9191-exec-9 eptionHandlerExceptionResolver:208 ||||Resolved [org.springframework.web.HttpRequestMethodNotSupportedException: Request method 'DELETE' not supported]
2022-04-07 10:35:35,861  INFO http-nio-9191-exec-2 c.t.c.ToDoListController:56 ||||Start Service /todo-app/delete-item: 
2022-04-07 10:35:35,940  WARN http-nio-9191-exec-2 eptionHandlerExceptionResolver:208 ||||Resolved [com.todolist.exeption.ItemNoFoundExeption: Item id not found :4]
2022-04-07 10:35:40,482  INFO http-nio-9191-exec-1 c.t.c.ToDoListController:56 ||||Start Service /todo-app/delete-item: 
2022-04-07 10:35:40,540  INFO http-nio-9191-exec-1 c.t.c.ToDoListController:58 ||||Stop Service /todo-app/delete-item: ItemResponse[success=true, message=Success, fieldErrors=null, data=null]
2022-04-07 10:35:47,455  INFO http-nio-9191-exec-3 c.t.c.ToDoListController:33 ||||Start Service : /todo-app/show-item 
2022-04-07 10:35:47,485  INFO http-nio-9191-exec-3 c.t.c.ToDoListController:35 ||||Stop Service /todo-app/show-item: [ItemResponse[success=true, message=Success, fieldErrors=null, data=[]]]
2022-04-07 10:35:49,757  INFO http-nio-9191-exec-4 c.t.c.ToDoListController:47 ||||Start Service /todo-app/add-item id: null, tittle: test1, latitude: 25.56, longitude: 56.32, date: 2020-11-24 05:22:15, file: org.springframework.web.multipart.support.StandardMultipartHttpServletRequest$StandardMultipartFile@28748bb7
2022-04-07 10:35:50,686  INFO http-nio-9191-exec-4 c.t.c.ToDoListController:50 ||||Stop Service /todo-app/add-item: [ItemResponse[success=true, message=Success, fieldErrors=null, data=[ItemEntity(id=2, Tittle=test1, Latitude=25.56, Longitude=56.32, UrlImage=http://res.cloudinary.com/dzwbkzzt1/image/upload/v1649320550/anbfsy4czmxagrtbefyr.png, date=Sun Oct 24 05:00:15 CEST 2021, Status=false)]]]
2022-04-07 10:35:53,243  INFO http-nio-9191-exec-5 c.t.c.ToDoListController:33 ||||Start Service : /todo-app/show-item 
2022-04-07 10:35:53,246  INFO http-nio-9191-exec-5 c.t.c.ToDoListController:35 ||||Stop Service /todo-app/show-item: [ItemResponse[success=true, message=Success, fieldErrors=null, data=[ItemEntity(id=2, Tittle=test1, Latitude=25.56, Longitude=56.32, UrlImage=http://res.cloudinary.com/dzwbkzzt1/image/upload/v1649320550/anbfsy4czmxagrtbefyr.png, date=2021-10-24 05:00:15.0, Status=false)]]]
2022-04-07 11:08:08,023  INFO restartedMain c.t.ToDoListApplication:55 ||||Starting ToDoListApplication using Java 16.0.2 on KBHNB75 with PID 12636 (C:\Users\PriftiG\IdeaProjects\todo-List-Spring-Junit\target\classes started by PriftiG in C:\Users\PriftiG\IdeaProjects\todo-List-Spring-Junit)
2022-04-07 11:08:08,026 DEBUG restartedMain c.t.ToDoListApplication:56 ||||Running with Spring Boot v2.5.6, Spring v5.3.12
2022-04-07 11:08:08,027  INFO restartedMain c.t.ToDoListApplication:659 ||||No active profile set, falling back to default profiles: default
2022-04-07 11:08:08,097  INFO restartedMain sPropertyDefaultsPostProcessor:255 ||||Devtools property defaults active! Set 'spring.devtools.add-properties' to 'false' to disable
2022-04-07 11:08:08,097  INFO restartedMain sPropertyDefaultsPostProcessor:255 ||||For additional web related logging consider setting the 'logging.level.web' property to 'DEBUG'
2022-04-07 11:08:09,190  INFO restartedMain epositoryConfigurationDelegate:132 ||||Bootstrapping Spring Data JPA repositories in DEFAULT mode.
2022-04-07 11:08:09,264  INFO restartedMain epositoryConfigurationDelegate:201 ||||Finished Spring Data repository scanning in 62 ms. Found 1 JPA repository interfaces.
2022-04-07 11:08:10,121  INFO restartedMain o.s.b.w.e.t.TomcatWebServer:108 ||||Tomcat initialized with port(s): 9191 (http)
2022-04-07 11:08:10,367  INFO restartedMain letWebServerApplicationContext:290 ||||Root WebApplicationContext: initialization completed in 2269 ms
2022-04-07 11:08:10,520  INFO restartedMain a.h.H2ConsoleAutoConfiguration:68 ||||H2 console available at '/h2-console'. Database available at 'jdbc:h2:mem:testdb'
2022-04-07 11:08:11,923  INFO restartedMain tainerEntityManagerFactoryBean:437 ||||Initialized JPA EntityManagerFactory for persistence unit 'default'
2022-04-07 11:08:12,504  WARN restartedMain figuration$JpaWebConfiguration:219 ||||spring.jpa.open-in-view is enabled by default. Therefore, database queries may be performed during view rendering. Explicitly configure spring.jpa.open-in-view to disable this warning
2022-04-07 11:08:13,134  WARN restartedMain b.d.a.OptionalLiveReloadServer:61 ||||Unable to start LiveReload server
2022-04-07 11:08:13,214  INFO restartedMain o.s.b.w.e.t.TomcatWebServer:220 ||||Tomcat started on port(s): 9191 (http) with context path '/todo-app'
2022-04-07 11:08:13,227  INFO restartedMain c.t.ToDoListApplication:61 ||||Started ToDoListApplication in 6.566 seconds (JVM running for 10.114)
2022-04-07 11:16:51,765  INFO http-nio-9191-exec-1 o.s.w.s.DispatcherServlet:525 ||||Initializing Servlet 'dispatcherServlet'
2022-04-07 11:16:51,766  INFO http-nio-9191-exec-1 o.s.w.s.DispatcherServlet:547 ||||Completed initialization in 1 ms
2022-04-07 11:17:11,043  INFO http-nio-9191-exec-3 c.t.c.ToDoListController:64 ||||Start Service /todo-app/delete-item: 
2022-04-07 11:17:11,157  WARN http-nio-9191-exec-3 eptionHandlerExceptionResolver:208 ||||Resolved [com.todolist.exeption.ItemNoFoundExeption: Item id not found :1]
2022-04-07 11:17:18,246  INFO SpringApplicationShutdownHook tainerEntityManagerFactoryBean:651 ||||Closing JPA EntityManagerFactory for persistence unit 'default'
2022-04-07 11:17:26,462  INFO restartedMain c.t.ToDoListApplication:55 ||||Starting ToDoListApplication using Java 16.0.2 on KBHNB75 with PID 23020 (C:\Users\PriftiG\IdeaProjects\todo-List-Spring-Junit\target\classes started by PriftiG in C:\Users\PriftiG\IdeaProjects\todo-List-Spring-Junit)
2022-04-07 11:17:26,463 DEBUG restartedMain c.t.ToDoListApplication:56 ||||Running with Spring Boot v2.5.6, Spring v5.3.12
2022-04-07 11:17:26,464  INFO restartedMain c.t.ToDoListApplication:659 ||||No active profile set, falling back to default profiles: default
2022-04-07 11:17:26,531  INFO restartedMain sPropertyDefaultsPostProcessor:255 ||||Devtools property defaults active! Set 'spring.devtools.add-properties' to 'false' to disable
2022-04-07 11:17:26,532  INFO restartedMain sPropertyDefaultsPostProcessor:255 ||||For additional web related logging consider setting the 'logging.level.web' property to 'DEBUG'
2022-04-07 11:17:27,351  INFO restartedMain epositoryConfigurationDelegate:132 ||||Bootstrapping Spring Data JPA repositories in DEFAULT mode.
2022-04-07 11:17:27,421  INFO restartedMain epositoryConfigurationDelegate:201 ||||Finished Spring Data repository scanning in 59 ms. Found 1 JPA repository interfaces.
2022-04-07 11:17:28,065  INFO restartedMain o.s.b.w.e.t.TomcatWebServer:108 ||||Tomcat initialized with port(s): 9191 (http)
2022-04-07 11:17:28,234  INFO restartedMain letWebServerApplicationContext:290 ||||Root WebApplicationContext: initialization completed in 1701 ms
2022-04-07 11:17:28,363  INFO restartedMain a.h.H2ConsoleAutoConfiguration:68 ||||H2 console available at '/h2-console'. Database available at 'jdbc:h2:mem:testdb'
2022-04-07 11:17:29,646  INFO restartedMain tainerEntityManagerFactoryBean:437 ||||Initialized JPA EntityManagerFactory for persistence unit 'default'
2022-04-07 11:17:30,204  WARN restartedMain figuration$JpaWebConfiguration:219 ||||spring.jpa.open-in-view is enabled by default. Therefore, database queries may be performed during view rendering. Explicitly configure spring.jpa.open-in-view to disable this warning
2022-04-07 11:17:30,515  WARN restartedMain b.d.a.OptionalLiveReloadServer:61 ||||Unable to start LiveReload server
2022-04-07 11:17:30,586  INFO restartedMain o.s.b.w.e.t.TomcatWebServer:220 ||||Tomcat started on port(s): 9191 (http) with context path '/todo-app'
2022-04-07 11:17:30,597  INFO restartedMain c.t.ToDoListApplication:61 ||||Started ToDoListApplication in 4.85 seconds (JVM running for 6.632)
2022-04-07 11:18:28,400  INFO http-nio-9191-exec-2 o.s.w.s.DispatcherServlet:525 ||||Initializing Servlet 'dispatcherServlet'
2022-04-07 11:18:28,402  INFO http-nio-9191-exec-2 o.s.w.s.DispatcherServlet:547 ||||Completed initialization in 1 ms
2022-04-07 11:18:28,571  INFO http-nio-9191-exec-2 c.t.c.ToDoListController:64 ||||Start Service /todo-app/delete-item: 
2022-04-07 11:18:28,747  WARN http-nio-9191-exec-2 eptionHandlerExceptionResolver:208 ||||Resolved [com.todolist.exeption.ItemNoFoundExeption: Item id not found :1]
2022-04-07 11:18:51,803  INFO http-nio-9191-exec-4 c.t.c.ToDoListController:33 ||||Start Service : /todo-app/show-item 
2022-04-07 11:18:51,824  INFO http-nio-9191-exec-4 c.t.c.ToDoListController:35 ||||Stop Service /todo-app/show-item: [ItemResponse[success=true, message=Success, fieldErrors=null, data=[]]]
2022-04-07 11:18:57,624  INFO http-nio-9191-exec-5 c.t.c.ToDoListController:55 ||||Start Service /todo-app/add-item id: null, tittle: test1, latitude: 25.56, longitude: 56.32, date: 2020-11-24 05:22:15, file: org.springframework.web.multipart.support.StandardMultipartHttpServletRequest$StandardMultipartFile@65026148
2022-04-07 11:19:03,949  INFO http-nio-9191-exec-5 c.t.c.ToDoListController:58 ||||Stop Service /todo-app/add-item: [ItemResponse[success=true, message=Success, fieldErrors=null, data=[ItemEntity(id=1, Tittle=test1, Latitude=25.56, Longitude=56.32, UrlImage=http://res.cloudinary.com/dzwbkzzt1/image/upload/v1649323143/ctk82yxcjvz2av6fygot.png, date=Sun Oct 24 05:00:15 CEST 2021, Status=false)]]]
2022-04-07 11:20:30,633  INFO http-nio-9191-exec-9 c.t.c.ToDoListController:41 ||||Start Service : /todo-app/show-item-id 
2022-04-07 11:20:30,653  INFO http-nio-9191-exec-9 c.t.c.ToDoListController:43 ||||Stop Service /todo-app/show-item-id: [ItemResponse[success=true, message=Success, fieldErrors=null, data=[ItemEntity(id=1, Tittle=test1, Latitude=25.56, Longitude=56.32, UrlImage=http://res.cloudinary.com/dzwbkzzt1/image/upload/v1649323143/ctk82yxcjvz2av6fygot.png, date=2021-10-24 05:00:15.0, Status=false)]]]
2022-04-07 11:20:36,667  INFO http-nio-9191-exec-10 c.t.c.ToDoListController:41 ||||Start Service : /todo-app/show-item-id 
2022-04-07 11:20:36,671  WARN http-nio-9191-exec-10 eptionHandlerExceptionResolver:208 ||||Resolved [com.todolist.exeption.ItemNoFoundExeption: Item id not found :2]
2022-04-07 11:20:42,446  INFO http-nio-9191-exec-1 c.t.c.ToDoListController:41 ||||Start Service : /todo-app/show-item-id 
2022-04-07 11:20:42,449  INFO http-nio-9191-exec-1 c.t.c.ToDoListController:43 ||||Stop Service /todo-app/show-item-id: [ItemResponse[success=true, message=Success, fieldErrors=null, data=[ItemEntity(id=1, Tittle=test1, Latitude=25.56, Longitude=56.32, UrlImage=http://res.cloudinary.com/dzwbkzzt1/image/upload/v1649323143/ctk82yxcjvz2av6fygot.png, date=2021-10-24 05:00:15.0, Status=false)]]]
2022-04-07 11:21:52,903  INFO http-nio-9191-exec-3 c.t.c.ToDoListController:41 ||||Start Service : /todo-app/show-item-id 
2022-04-07 11:21:52,906  WARN http-nio-9191-exec-3 eptionHandlerExceptionResolver:208 ||||Resolved [com.todolist.exeption.ItemNoFoundExeption: Item id not found :4]
2022-04-07 11:22:00,071  INFO http-nio-9191-exec-5 c.t.c.ToDoListController:41 ||||Start Service : /todo-app/show-item-id 
2022-04-07 11:22:00,073  INFO http-nio-9191-exec-5 c.t.c.ToDoListController:43 ||||Stop Service /todo-app/show-item-id: [ItemResponse[success=true, message=Success, fieldErrors=null, data=[ItemEntity(id=1, Tittle=test1, Latitude=25.56, Longitude=56.32, UrlImage=http://res.cloudinary.com/dzwbkzzt1/image/upload/v1649323143/ctk82yxcjvz2av6fygot.png, date=2021-10-24 05:00:15.0, Status=false)]]]
2022-04-07 11:37:44,478  INFO restartedMain c.t.ToDoListApplication:55 ||||Starting ToDoListApplication using Java 16.0.2 on KBHNB75 with PID 24460 (C:\Users\PriftiG\IdeaProjects\todo-List-Spring-Junit\target\classes started by PriftiG in C:\Users\PriftiG\IdeaProjects\todo-List-Spring-Junit)
2022-04-07 11:37:44,480 DEBUG restartedMain c.t.ToDoListApplication:56 ||||Running with Spring Boot v2.5.6, Spring v5.3.12
2022-04-07 11:37:44,481  INFO restartedMain c.t.ToDoListApplication:659 ||||No active profile set, falling back to default profiles: default
2022-04-07 11:37:44,556  INFO restartedMain sPropertyDefaultsPostProcessor:255 ||||Devtools property defaults active! Set 'spring.devtools.add-properties' to 'false' to disable
2022-04-07 11:37:44,556  INFO restartedMain sPropertyDefaultsPostProcessor:255 ||||For additional web related logging consider setting the 'logging.level.web' property to 'DEBUG'
2022-04-07 11:37:48,325  INFO restartedMain epositoryConfigurationDelegate:132 ||||Bootstrapping Spring Data JPA repositories in DEFAULT mode.
2022-04-07 11:37:49,210  INFO restartedMain epositoryConfigurationDelegate:201 ||||Finished Spring Data repository scanning in 91 ms. Found 1 JPA repository interfaces.
2022-04-07 11:37:51,583  INFO restartedMain o.s.b.w.e.t.TomcatWebServer:108 ||||Tomcat initialized with port(s): 9191 (http)
2022-04-07 11:37:51,791  INFO restartedMain letWebServerApplicationContext:290 ||||Root WebApplicationContext: initialization completed in 7233 ms
2022-04-07 11:37:54,211  INFO restartedMain a.h.H2ConsoleAutoConfiguration:68 ||||H2 console available at '/h2-console'. Database available at 'jdbc:h2:mem:testdb'
2022-04-07 11:37:57,969  INFO restartedMain tainerEntityManagerFactoryBean:437 ||||Initialized JPA EntityManagerFactory for persistence unit 'default'
2022-04-07 11:37:58,967  WARN restartedMain figuration$JpaWebConfiguration:219 ||||spring.jpa.open-in-view is enabled by default. Therefore, database queries may be performed during view rendering. Explicitly configure spring.jpa.open-in-view to disable this warning
2022-04-07 11:38:00,479  WARN restartedMain b.d.a.OptionalLiveReloadServer:61 ||||Unable to start LiveReload server
2022-04-07 11:38:00,600  INFO restartedMain o.s.b.w.e.t.TomcatWebServer:220 ||||Tomcat started on port(s): 9191 (http) with context path '/todo-app'
2022-04-07 11:38:00,618  INFO restartedMain c.t.ToDoListApplication:61 ||||Started ToDoListApplication in 20.142 seconds (JVM running for 27.145)
2022-04-07 11:39:20,164  INFO http-nio-9191-exec-2 o.s.w.s.DispatcherServlet:525 ||||Initializing Servlet 'dispatcherServlet'
2022-04-07 11:39:20,166  INFO http-nio-9191-exec-2 o.s.w.s.DispatcherServlet:547 ||||Completed initialization in 2 ms
2022-04-07 11:39:20,268  INFO http-nio-9191-exec-2 c.t.c.ToDoListController:33 ||||Start Service : /todo-app/show-item 
2022-04-07 11:39:20,320  INFO http-nio-9191-exec-2 c.t.c.ToDoListController:35 ||||Stop Service /todo-app/show-item: [ItemResponse[success=true, message=Success, fieldErrors=null, data=[]]]
2022-04-07 11:55:59,612  INFO restartedMain c.t.ToDoListApplication:55 ||||Starting ToDoListApplication using Java 16.0.2 on KBHNB75 with PID 2760 (C:\Users\PriftiG\IdeaProjects\todo-List-Spring-Junit\target\classes started by PriftiG in C:\Users\PriftiG\IdeaProjects\todo-List-Spring-Junit)
2022-04-07 11:55:59,615 DEBUG restartedMain c.t.ToDoListApplication:56 ||||Running with Spring Boot v2.5.6, Spring v5.3.12
2022-04-07 11:55:59,615  INFO restartedMain c.t.ToDoListApplication:659 ||||No active profile set, falling back to default profiles: default
2022-04-07 11:55:59,696  INFO restartedMain sPropertyDefaultsPostProcessor:255 ||||Devtools property defaults active! Set 'spring.devtools.add-properties' to 'false' to disable
2022-04-07 11:55:59,696  INFO restartedMain sPropertyDefaultsPostProcessor:255 ||||For additional web related logging consider setting the 'logging.level.web' property to 'DEBUG'
2022-04-07 11:56:01,799  INFO restartedMain epositoryConfigurationDelegate:132 ||||Bootstrapping Spring Data JPA repositories in DEFAULT mode.
2022-04-07 11:56:02,207  INFO restartedMain epositoryConfigurationDelegate:201 ||||Finished Spring Data repository scanning in 386 ms. Found 1 JPA repository interfaces.
2022-04-07 11:56:04,209  INFO restartedMain o.s.b.w.e.t.TomcatWebServer:108 ||||Tomcat initialized with port(s): 9191 (http)
2022-04-07 11:56:04,749  INFO restartedMain letWebServerApplicationContext:290 ||||Root WebApplicationContext: initialization completed in 5052 ms
2022-04-07 11:56:05,156  INFO restartedMain a.h.H2ConsoleAutoConfiguration:68 ||||H2 console available at '/h2-console'. Database available at 'jdbc:h2:mem:testdb'
2022-04-07 11:56:08,941  INFO restartedMain tainerEntityManagerFactoryBean:437 ||||Initialized JPA EntityManagerFactory for persistence unit 'default'
2022-04-07 11:56:10,516  WARN restartedMain figuration$JpaWebConfiguration:219 ||||spring.jpa.open-in-view is enabled by default. Therefore, database queries may be performed during view rendering. Explicitly configure spring.jpa.open-in-view to disable this warning
2022-04-07 11:56:11,536  INFO restartedMain b.d.a.OptionalLiveReloadServer:58 ||||LiveReload server is running on port 35729
2022-04-07 11:56:11,756  INFO restartedMain o.s.b.w.e.t.TomcatWebServer:220 ||||Tomcat started on port(s): 9191 (http) with context path '/todo-app'
2022-04-07 11:56:11,786  INFO restartedMain c.t.ToDoListApplication:61 ||||Started ToDoListApplication in 13.53 seconds (JVM running for 16.822)
2022-04-07 11:57:08,901  INFO http-nio-9191-exec-2 o.s.w.s.DispatcherServlet:525 ||||Initializing Servlet 'dispatcherServlet'
2022-04-07 11:57:08,902  INFO http-nio-9191-exec-2 o.s.w.s.DispatcherServlet:547 ||||Completed initialization in 1 ms
2022-04-07 11:57:08,990  INFO http-nio-9191-exec-2 c.t.c.ToDoListController:36 ||||Start Service : /todo-app/show-item 
2022-04-07 11:57:09,041  INFO http-nio-9191-exec-2 c.t.c.ToDoListController:38 ||||Stop Service /todo-app/show-item: [ItemResponse[success=true, message=Success, fieldErrors=null, data=[]]]
2022-04-07 11:57:16,383  INFO http-nio-9191-exec-3 c.t.c.ToDoListController:58 ||||Start Service /todo-app/add-item id: null, tittle: test1, latitude: 25.56, longitude: 56.32, date: 2020-11-24 05:22:15, file: org.springframework.web.multipart.support.StandardMultipartHttpServletRequest$StandardMultipartFile@53bd21a7
2022-04-07 11:57:18,123  INFO http-nio-9191-exec-3 c.t.c.ToDoListController:61 ||||Stop Service /todo-app/add-item: [ItemResponse[success=true, message=Success, fieldErrors=null, data=[ItemEntity(id=1, Tittle=test1, Latitude=25.56, Longitude=56.32, UrlImage=http://res.cloudinary.com/dzwbkzzt1/image/upload/v1649325437/eyikd7litg2vluu1lr5k.png, date=Sun Oct 24 05:00:15 CEST 2021, Status=false)]]]
2022-04-07 11:57:28,279  INFO http-nio-9191-exec-4 c.t.c.ToDoListController:44 ||||Start Service : /todo-app/show-item-id 
2022-04-07 11:57:28,314  INFO http-nio-9191-exec-4 c.t.c.ToDoListController:46 ||||Stop Service /todo-app/show-item-id: [ItemResponse[success=true, message=Success, fieldErrors=null, data=[ItemEntity(id=1, Tittle=test1, Latitude=25.56, Longitude=56.32, UrlImage=http://res.cloudinary.com/dzwbkzzt1/image/upload/v1649325437/eyikd7litg2vluu1lr5k.png, date=2021-10-24 05:00:15.0, Status=false)]]]
2022-04-07 11:57:52,256  INFO http-nio-9191-exec-5 c.t.c.ToDoListController:67 ||||Start Service /todo-app/delete-item: 
2022-04-07 11:57:52,263  WARN http-nio-9191-exec-5 eptionHandlerExceptionResolver:208 ||||Resolved [com.todolist.exeption.ItemNoFoundExeption: Item id not found :5]
2022-04-07 12:32:21,815  INFO SpringApplicationShutdownHook tainerEntityManagerFactoryBean:651 ||||Closing JPA EntityManagerFactory for persistence unit 'default'
2022-04-07 12:32:21,824 ERROR HikariPool-1 connection adder c.z.h.p.HikariPool  :498 ||||HikariPool-1 - Error thrown while acquiring connection from data source
org.h2.jdbc.JdbcSQLNonTransientConnectionException: The database is open in exclusive mode; can not open additional connections [90135-200]
	at org.h2.message.DbException.getJdbcSQLException(DbException.java:622)
	at org.h2.message.DbException.getJdbcSQLException(DbException.java:429)
	at org.h2.message.DbException.get(DbException.java:205)
	at org.h2.message.DbException.get(DbException.java:181)
	at org.h2.message.DbException.get(DbException.java:170)
	at org.h2.engine.Session.checkSuspended(Session.java:1369)
	at org.h2.engine.Session.transitionToState(Session.java:1361)
	at org.h2.engine.Session.setCurrentCommand(Session.java:1343)
	at org.h2.engine.Session.startStatementWithinTransaction(Session.java:1853)
	at org.h2.command.Command.executeQuery(Command.java:190)
	at org.h2.jdbc.JdbcConnection.isReadOnly(JdbcConnection.java:631)
	at com.zaxxer.hikari.pool.PoolBase.setupConnection(PoolBase.java:408)
	at com.zaxxer.hikari.pool.PoolBase.newConnection(PoolBase.java:369)
	at com.zaxxer.hikari.pool.PoolBase.newPoolEntry(PoolBase.java:206)
	at com.zaxxer.hikari.pool.HikariPool.createPoolEntry(HikariPool.java:476)
	at com.zaxxer.hikari.pool.HikariPool.access$100(HikariPool.java:71)
	at com.zaxxer.hikari.pool.HikariPool$PoolEntryCreator.call(HikariPool.java:726)
	at com.zaxxer.hikari.pool.HikariPool$PoolEntryCreator.call(HikariPool.java:712)
	at java.base/java.util.concurrent.FutureTask.run(FutureTask.java:264)
	at java.base/java.util.concurrent.ThreadPoolExecutor.runWorker(ThreadPoolExecutor.java:1130)
	at java.base/java.util.concurrent.ThreadPoolExecutor$Worker.run(ThreadPoolExecutor.java:630)
	at java.base/java.lang.Thread.run(Thread.java:831)
2022-04-07 12:32:33,174  INFO restartedMain c.t.ToDoListApplication:55 ||||Starting ToDoListApplication using Java 16.0.2 on KBHNB75 with PID 19112 (C:\Users\PriftiG\IdeaProjects\todo-List-Spring-Junit\target\classes started by PriftiG in C:\Users\PriftiG\IdeaProjects\todo-List-Spring-Junit)
2022-04-07 12:32:33,176 DEBUG restartedMain c.t.ToDoListApplication:56 ||||Running with Spring Boot v2.5.6, Spring v5.3.12
2022-04-07 12:32:33,176  INFO restartedMain c.t.ToDoListApplication:659 ||||No active profile set, falling back to default profiles: default
2022-04-07 12:32:33,234  INFO restartedMain sPropertyDefaultsPostProcessor:255 ||||Devtools property defaults active! Set 'spring.devtools.add-properties' to 'false' to disable
2022-04-07 12:32:33,235  INFO restartedMain sPropertyDefaultsPostProcessor:255 ||||For additional web related logging consider setting the 'logging.level.web' property to 'DEBUG'
2022-04-07 12:32:33,946  INFO restartedMain epositoryConfigurationDelegate:132 ||||Bootstrapping Spring Data JPA repositories in DEFAULT mode.
2022-04-07 12:32:34,000  INFO restartedMain epositoryConfigurationDelegate:201 ||||Finished Spring Data repository scanning in 46 ms. Found 1 JPA repository interfaces.
2022-04-07 12:32:34,469  INFO restartedMain o.s.b.w.e.t.TomcatWebServer:108 ||||Tomcat initialized with port(s): 9191 (http)
2022-04-07 12:32:34,639  INFO restartedMain letWebServerApplicationContext:290 ||||Root WebApplicationContext: initialization completed in 1404 ms
2022-04-07 12:32:34,770  INFO restartedMain a.h.H2ConsoleAutoConfiguration:68 ||||H2 console available at '/h2-console'. Database available at 'jdbc:h2:mem:testdb'
2022-04-07 12:32:35,700  INFO restartedMain tainerEntityManagerFactoryBean:437 ||||Initialized JPA EntityManagerFactory for persistence unit 'default'
2022-04-07 12:32:36,121  WARN restartedMain figuration$JpaWebConfiguration:219 ||||spring.jpa.open-in-view is enabled by default. Therefore, database queries may be performed during view rendering. Explicitly configure spring.jpa.open-in-view to disable this warning
2022-04-07 12:32:36,381  INFO restartedMain b.d.a.OptionalLiveReloadServer:58 ||||LiveReload server is running on port 35729
2022-04-07 12:32:36,440  INFO restartedMain o.s.b.w.e.t.TomcatWebServer:220 ||||Tomcat started on port(s): 9191 (http) with context path '/todo-app'
2022-04-07 12:32:36,451  INFO restartedMain c.t.ToDoListApplication:61 ||||Started ToDoListApplication in 3.948 seconds (JVM running for 5.675)
2022-04-07 12:33:34,057  INFO http-nio-9191-exec-2 o.s.w.s.DispatcherServlet:525 ||||Initializing Servlet 'dispatcherServlet'
2022-04-07 12:33:34,059  INFO http-nio-9191-exec-2 o.s.w.s.DispatcherServlet:547 ||||Completed initialization in 1 ms
2022-04-07 12:33:34,161  INFO http-nio-9191-exec-2 c.t.c.ToDoListController:58 ||||Start Service /todo-app/add-item id: null, tittle: test1, latitude: 25.56, longitude: 56.32, date: 2020-11-24 05:22:15, file: org.springframework.web.multipart.support.StandardMultipartHttpServletRequest$StandardMultipartFile@3a75d0b2
2022-04-07 12:33:35,535  INFO http-nio-9191-exec-2 c.t.c.ToDoListController:61 ||||Stop Service /todo-app/add-item: [ItemResponse[success=true, message=Success, fieldErrors=null, data=[ItemEntity(id=1, Tittle=test1, Latitude=25.56, Longitude=56.32, UrlImage=http://res.cloudinary.com/dzwbkzzt1/image/upload/v1649327615/gnur1qrep9siiomo3lf3.png, date=Sun Oct 24 05:00:15 CEST 2021, Status=false)]]]
